C:\PARALLEL_IMPLEMENTATION_K_MEANS\PARALLEL_IMPLEMENTATION_K_MEANS\PARALLEL_IMPLEMENTATION_K_MEANS\X64\DEBUG\MAIN.OBJ
C:\PARALLEL_IMPLEMENTATION_K_MEANS\PARALLEL_IMPLEMENTATION_K_MEANS\PARALLEL_IMPLEMENTATION_K_MEANS\X64\DEBUG\PARALLEL_IMPLEMENTATION_K_MEANS.EXE.EMBED.MANIFEST.RES
C:\PARALLEL_IMPLEMENTATION_K_MEANS\PARALLEL_IMPLEMENTATION_K_MEANS\PARALLEL_IMPLEMENTATION_K_MEANS\X64\DEBUG\PARALLEL_IMPLEMENTATION_K_MEANS.EXE.INTERMEDIATE.MANIFEST
C:\PARALLEL_IMPLEMENTATION_K_MEANS\PARALLEL_IMPLEMENTATION_K_MEANS\PARALLEL_IMPLEMENTATION_K_MEANS\X64\DEBUG\VC100.PDB
C:\Parallel_implementation_K_Means\Parallel_implementation_K_Means\x64\Debug\cl.command.1.tlog
C:\Parallel_implementation_K_Means\Parallel_implementation_K_Means\x64\Debug\CL.read.1.tlog
C:\Parallel_implementation_K_Means\Parallel_implementation_K_Means\x64\Debug\CL.write.1.tlog
C:\Parallel_implementation_K_Means\Parallel_implementation_K_Means\x64\Debug\kernel.cu.cache
C:\Parallel_implementation_K_Means\Parallel_implementation_K_Means\x64\Debug\kernel.cu.obj
C:\Parallel_implementation_K_Means\Parallel_implementation_K_Means\x64\Debug\link.11208.read.1.tlog
C:\Parallel_implementation_K_Means\Parallel_implementation_K_Means\x64\Debug\link.11208.write.1.tlog
C:\Parallel_implementation_K_Means\Parallel_implementation_K_Means\x64\Debug\link.11208-cvtres.read.1.tlog
C:\Parallel_implementation_K_Means\Parallel_implementation_K_Means\x64\Debug\link.11208-cvtres.write.1.tlog
C:\Parallel_implementation_K_Means\Parallel_implementation_K_Means\x64\Debug\link.7516.read.1.tlog
C:\Parallel_implementation_K_Means\Parallel_implementation_K_Means\x64\Debug\link.7516.write.1.tlog
C:\Parallel_implementation_K_Means\Parallel_implementation_K_Means\x64\Debug\link.7516-cvtres.read.1.tlog
C:\Parallel_implementation_K_Means\Parallel_implementation_K_Means\x64\Debug\link.7516-cvtres.write.1.tlog
C:\Parallel_implementation_K_Means\Parallel_implementation_K_Means\x64\Debug\link.command.1.tlog
C:\Parallel_implementation_K_Means\Parallel_implementation_K_Means\x64\Debug\link.read.1.tlog
C:\Parallel_implementation_K_Means\Parallel_implementation_K_Means\x64\Debug\link.write.1.tlog
C:\Parallel_implementation_K_Means\Parallel_implementation_K_Means\x64\Debug\link-cvtres.read.1.tlog
C:\Parallel_implementation_K_Means\Parallel_implementation_K_Means\x64\Debug\link-cvtres.write.1.tlog
C:\PARALLEL_IMPLEMENTATION_K_MEANS\PARALLEL_IMPLEMENTATION_K_MEANS\X64\DEBUG\MAIN.OBJ
C:\Parallel_implementation_K_Means\Parallel_implementation_K_Means\x64\Debug\mt.command.1.tlog
C:\Parallel_implementation_K_Means\Parallel_implementation_K_Means\x64\Debug\mt.read.1.tlog
C:\Parallel_implementation_K_Means\Parallel_implementation_K_Means\x64\Debug\mt.write.1.tlog
C:\PARALLEL_IMPLEMENTATION_K_MEANS\PARALLEL_IMPLEMENTATION_K_MEANS\X64\DEBUG\PARALLEL_IMPLEMENTATION_K_MEANS.EXE
C:\PARALLEL_IMPLEMENTATION_K_MEANS\PARALLEL_IMPLEMENTATION_K_MEANS\X64\DEBUG\PARALLEL_IMPLEMENTATION_K_MEANS.EXE.EMBED.MANIFEST
C:\PARALLEL_IMPLEMENTATION_K_MEANS\PARALLEL_IMPLEMENTATION_K_MEANS\X64\DEBUG\PARALLEL_IMPLEMENTATION_K_MEANS.EXE.EMBED.MANIFEST.RES
C:\Parallel_implementation_K_Means\Parallel_implementation_K_Means\x64\Debug\Parallel_implementation_K_Means.exe.intermediate.manifest
C:\PARALLEL_IMPLEMENTATION_K_MEANS\PARALLEL_IMPLEMENTATION_K_MEANS\X64\DEBUG\PARALLEL_IMPLEMENTATION_K_MEANS.ILK
C:\PARALLEL_IMPLEMENTATION_K_MEANS\PARALLEL_IMPLEMENTATION_K_MEANS\X64\DEBUG\PARALLEL_IMPLEMENTATION_K_MEANS.PDB
C:\Parallel_implementation_K_Means\Parallel_implementation_K_Means\x64\Debug\Parallel_implementation_K_Means.vcxprojResolveAssemblyReference.cache
C:\Parallel_implementation_K_Means\Parallel_implementation_K_Means\x64\Debug\Parallel_implementation_K_Means.write.1.tlog
C:\Parallel_implementation_K_Means\Parallel_implementation_K_Means\x64\Debug\Parallel_implementation_K_Means_manifest.rc
C:\Parallel_implementation_K_Means\Parallel_implementation_K_Means\x64\Debug\rc.command.1.tlog
C:\Parallel_implementation_K_Means\Parallel_implementation_K_Means\x64\Debug\rc.read.1.tlog
C:\Parallel_implementation_K_Means\Parallel_implementation_K_Means\x64\Debug\rc.write.1.tlog
C:\Parallel_implementation_K_Means\Parallel_implementation_K_Means\x64\Debug\vc100.idb
C:\PARALLEL_IMPLEMENTATION_K_MEANS\PARALLEL_IMPLEMENTATION_K_MEANS\X64\DEBUG\VC100.PDB
C:\Parallel_implementation_K_Means\x64\Debug\Parallel_implementation_K_Means.exe
C:\Parallel_implementation_K_Means\x64\Debug\Parallel_implementation_K_Means.ilk
C:\Parallel_implementation_K_Means\x64\Debug\Parallel_implementation_K_Means.pdb
