C:\PARALLEL_IMPLEMENTATION_K_MEANS\PARALLEL_IMPLEMENTATION_K_MEANS\DEBUG\MAIN.OBJ
C:\PARALLEL_IMPLEMENTATION_K_MEANS\PARALLEL_IMPLEMENTATION_K_MEANS\DEBUG\PARALLEL_IMPLEMENTATION_K_MEANS.EXE.EMBED.MANIFEST.RES
C:\PARALLEL_IMPLEMENTATION_K_MEANS\PARALLEL_IMPLEMENTATION_K_MEANS\DEBUG\VC100.PDB
D:\PARALLEL_IMPLEMENTATION_K_MEANS\DEBUG\PARALLEL_IMPLEMENTATION_K_MEANS.EXE
D:\PARALLEL_IMPLEMENTATION_K_MEANS\DEBUG\PARALLEL_IMPLEMENTATION_K_MEANS.ILK
D:\PARALLEL_IMPLEMENTATION_K_MEANS\DEBUG\PARALLEL_IMPLEMENTATION_K_MEANS.PDB
D:\Parallel_implementation_K_Means\Parallel_implementation_K_Means\Debug\cl.command.1.tlog
D:\Parallel_implementation_K_Means\Parallel_implementation_K_Means\Debug\CL.read.1.tlog
D:\Parallel_implementation_K_Means\Parallel_implementation_K_Means\Debug\CL.write.1.tlog
D:\Parallel_implementation_K_Means\Parallel_implementation_K_Means\Debug\kernel.cu.cache
D:\Parallel_implementation_K_Means\Parallel_implementation_K_Means\Debug\kernel.cu.obj
D:\Parallel_implementation_K_Means\Parallel_implementation_K_Means\Debug\link.10288.read.1.tlog
D:\Parallel_implementation_K_Means\Parallel_implementation_K_Means\Debug\link.10288.write.1.tlog
D:\Parallel_implementation_K_Means\Parallel_implementation_K_Means\Debug\link.10288-cvtres.read.1.tlog
D:\Parallel_implementation_K_Means\Parallel_implementation_K_Means\Debug\link.10288-cvtres.write.1.tlog
D:\Parallel_implementation_K_Means\Parallel_implementation_K_Means\Debug\link.10784.read.1.tlog
D:\Parallel_implementation_K_Means\Parallel_implementation_K_Means\Debug\link.10784.write.1.tlog
D:\Parallel_implementation_K_Means\Parallel_implementation_K_Means\Debug\link.10784-cvtres.read.1.tlog
D:\Parallel_implementation_K_Means\Parallel_implementation_K_Means\Debug\link.10784-cvtres.write.1.tlog
D:\Parallel_implementation_K_Means\Parallel_implementation_K_Means\Debug\link.10856.read.1.tlog
D:\Parallel_implementation_K_Means\Parallel_implementation_K_Means\Debug\link.10856.write.1.tlog
D:\Parallel_implementation_K_Means\Parallel_implementation_K_Means\Debug\link.10856-cvtres.read.1.tlog
D:\Parallel_implementation_K_Means\Parallel_implementation_K_Means\Debug\link.10856-cvtres.write.1.tlog
D:\Parallel_implementation_K_Means\Parallel_implementation_K_Means\Debug\link.11708.read.1.tlog
D:\Parallel_implementation_K_Means\Parallel_implementation_K_Means\Debug\link.11708.write.1.tlog
D:\Parallel_implementation_K_Means\Parallel_implementation_K_Means\Debug\link.11708-cvtres.read.1.tlog
D:\Parallel_implementation_K_Means\Parallel_implementation_K_Means\Debug\link.11708-cvtres.write.1.tlog
D:\Parallel_implementation_K_Means\Parallel_implementation_K_Means\Debug\link.12184.read.1.tlog
D:\Parallel_implementation_K_Means\Parallel_implementation_K_Means\Debug\link.12184.write.1.tlog
D:\Parallel_implementation_K_Means\Parallel_implementation_K_Means\Debug\link.12184-cvtres.read.1.tlog
D:\Parallel_implementation_K_Means\Parallel_implementation_K_Means\Debug\link.12184-cvtres.write.1.tlog
D:\Parallel_implementation_K_Means\Parallel_implementation_K_Means\Debug\link.12512.read.1.tlog
D:\Parallel_implementation_K_Means\Parallel_implementation_K_Means\Debug\link.12512.write.1.tlog
D:\Parallel_implementation_K_Means\Parallel_implementation_K_Means\Debug\link.12512-cvtres.read.1.tlog
D:\Parallel_implementation_K_Means\Parallel_implementation_K_Means\Debug\link.12512-cvtres.write.1.tlog
D:\Parallel_implementation_K_Means\Parallel_implementation_K_Means\Debug\link.1492.read.1.tlog
D:\Parallel_implementation_K_Means\Parallel_implementation_K_Means\Debug\link.1492.write.1.tlog
D:\Parallel_implementation_K_Means\Parallel_implementation_K_Means\Debug\link.1492-cvtres.read.1.tlog
D:\Parallel_implementation_K_Means\Parallel_implementation_K_Means\Debug\link.1492-cvtres.write.1.tlog
D:\Parallel_implementation_K_Means\Parallel_implementation_K_Means\Debug\link.1820.read.1.tlog
D:\Parallel_implementation_K_Means\Parallel_implementation_K_Means\Debug\link.1820.write.1.tlog
D:\Parallel_implementation_K_Means\Parallel_implementation_K_Means\Debug\link.1820-cvtres.read.1.tlog
D:\Parallel_implementation_K_Means\Parallel_implementation_K_Means\Debug\link.1820-cvtres.write.1.tlog
D:\Parallel_implementation_K_Means\Parallel_implementation_K_Means\Debug\link.2244.read.1.tlog
D:\Parallel_implementation_K_Means\Parallel_implementation_K_Means\Debug\link.2244.write.1.tlog
D:\Parallel_implementation_K_Means\Parallel_implementation_K_Means\Debug\link.2244-cvtres.read.1.tlog
D:\Parallel_implementation_K_Means\Parallel_implementation_K_Means\Debug\link.2244-cvtres.write.1.tlog
D:\Parallel_implementation_K_Means\Parallel_implementation_K_Means\Debug\link.2824.read.1.tlog
D:\Parallel_implementation_K_Means\Parallel_implementation_K_Means\Debug\link.2824.write.1.tlog
D:\Parallel_implementation_K_Means\Parallel_implementation_K_Means\Debug\link.2824-cvtres.read.1.tlog
D:\Parallel_implementation_K_Means\Parallel_implementation_K_Means\Debug\link.2824-cvtres.write.1.tlog
D:\Parallel_implementation_K_Means\Parallel_implementation_K_Means\Debug\link.4692.read.1.tlog
D:\Parallel_implementation_K_Means\Parallel_implementation_K_Means\Debug\link.4692.write.1.tlog
D:\Parallel_implementation_K_Means\Parallel_implementation_K_Means\Debug\link.4692-cvtres.read.1.tlog
D:\Parallel_implementation_K_Means\Parallel_implementation_K_Means\Debug\link.4692-cvtres.write.1.tlog
D:\Parallel_implementation_K_Means\Parallel_implementation_K_Means\Debug\link.5840.read.1.tlog
D:\Parallel_implementation_K_Means\Parallel_implementation_K_Means\Debug\link.5840.write.1.tlog
D:\Parallel_implementation_K_Means\Parallel_implementation_K_Means\Debug\link.5840-cvtres.read.1.tlog
D:\Parallel_implementation_K_Means\Parallel_implementation_K_Means\Debug\link.5840-cvtres.write.1.tlog
D:\Parallel_implementation_K_Means\Parallel_implementation_K_Means\Debug\link.5996.read.1.tlog
D:\Parallel_implementation_K_Means\Parallel_implementation_K_Means\Debug\link.5996.write.1.tlog
D:\Parallel_implementation_K_Means\Parallel_implementation_K_Means\Debug\link.5996-cvtres.read.1.tlog
D:\Parallel_implementation_K_Means\Parallel_implementation_K_Means\Debug\link.5996-cvtres.write.1.tlog
D:\Parallel_implementation_K_Means\Parallel_implementation_K_Means\Debug\link.6564.read.1.tlog
D:\Parallel_implementation_K_Means\Parallel_implementation_K_Means\Debug\link.6564.write.1.tlog
D:\Parallel_implementation_K_Means\Parallel_implementation_K_Means\Debug\link.6564-cvtres.read.1.tlog
D:\Parallel_implementation_K_Means\Parallel_implementation_K_Means\Debug\link.6564-cvtres.write.1.tlog
D:\Parallel_implementation_K_Means\Parallel_implementation_K_Means\Debug\link.6904.read.1.tlog
D:\Parallel_implementation_K_Means\Parallel_implementation_K_Means\Debug\link.6904.write.1.tlog
D:\Parallel_implementation_K_Means\Parallel_implementation_K_Means\Debug\link.6904-cvtres.read.1.tlog
D:\Parallel_implementation_K_Means\Parallel_implementation_K_Means\Debug\link.6904-cvtres.write.1.tlog
D:\Parallel_implementation_K_Means\Parallel_implementation_K_Means\Debug\link.7332.read.1.tlog
D:\Parallel_implementation_K_Means\Parallel_implementation_K_Means\Debug\link.7332.write.1.tlog
D:\Parallel_implementation_K_Means\Parallel_implementation_K_Means\Debug\link.7332-cvtres.read.1.tlog
D:\Parallel_implementation_K_Means\Parallel_implementation_K_Means\Debug\link.7332-cvtres.write.1.tlog
D:\Parallel_implementation_K_Means\Parallel_implementation_K_Means\Debug\link.7516.read.1.tlog
D:\Parallel_implementation_K_Means\Parallel_implementation_K_Means\Debug\link.7516.write.1.tlog
D:\Parallel_implementation_K_Means\Parallel_implementation_K_Means\Debug\link.7516-cvtres.read.1.tlog
D:\Parallel_implementation_K_Means\Parallel_implementation_K_Means\Debug\link.7516-cvtres.write.1.tlog
D:\Parallel_implementation_K_Means\Parallel_implementation_K_Means\Debug\link.7840.read.1.tlog
D:\Parallel_implementation_K_Means\Parallel_implementation_K_Means\Debug\link.7840.write.1.tlog
D:\Parallel_implementation_K_Means\Parallel_implementation_K_Means\Debug\link.7840-cvtres.read.1.tlog
D:\Parallel_implementation_K_Means\Parallel_implementation_K_Means\Debug\link.7840-cvtres.write.1.tlog
D:\Parallel_implementation_K_Means\Parallel_implementation_K_Means\Debug\link.7980.read.1.tlog
D:\Parallel_implementation_K_Means\Parallel_implementation_K_Means\Debug\link.7980.write.1.tlog
D:\Parallel_implementation_K_Means\Parallel_implementation_K_Means\Debug\link.7980-cvtres.read.1.tlog
D:\Parallel_implementation_K_Means\Parallel_implementation_K_Means\Debug\link.7980-cvtres.write.1.tlog
D:\Parallel_implementation_K_Means\Parallel_implementation_K_Means\Debug\link.8012.read.1.tlog
D:\Parallel_implementation_K_Means\Parallel_implementation_K_Means\Debug\link.8012.write.1.tlog
D:\Parallel_implementation_K_Means\Parallel_implementation_K_Means\Debug\link.8012-cvtres.read.1.tlog
D:\Parallel_implementation_K_Means\Parallel_implementation_K_Means\Debug\link.8012-cvtres.write.1.tlog
D:\Parallel_implementation_K_Means\Parallel_implementation_K_Means\Debug\link.8064.read.1.tlog
D:\Parallel_implementation_K_Means\Parallel_implementation_K_Means\Debug\link.8064.write.1.tlog
D:\Parallel_implementation_K_Means\Parallel_implementation_K_Means\Debug\link.8064-cvtres.read.1.tlog
D:\Parallel_implementation_K_Means\Parallel_implementation_K_Means\Debug\link.8064-cvtres.write.1.tlog
D:\Parallel_implementation_K_Means\Parallel_implementation_K_Means\Debug\link.812.read.1.tlog
D:\Parallel_implementation_K_Means\Parallel_implementation_K_Means\Debug\link.812.write.1.tlog
D:\Parallel_implementation_K_Means\Parallel_implementation_K_Means\Debug\link.812-cvtres.read.1.tlog
D:\Parallel_implementation_K_Means\Parallel_implementation_K_Means\Debug\link.812-cvtres.write.1.tlog
D:\Parallel_implementation_K_Means\Parallel_implementation_K_Means\Debug\link.8292.read.1.tlog
D:\Parallel_implementation_K_Means\Parallel_implementation_K_Means\Debug\link.8292.write.1.tlog
D:\Parallel_implementation_K_Means\Parallel_implementation_K_Means\Debug\link.8292-cvtres.read.1.tlog
D:\Parallel_implementation_K_Means\Parallel_implementation_K_Means\Debug\link.8292-cvtres.write.1.tlog
D:\Parallel_implementation_K_Means\Parallel_implementation_K_Means\Debug\link.8752.read.1.tlog
D:\Parallel_implementation_K_Means\Parallel_implementation_K_Means\Debug\link.8752.write.1.tlog
D:\Parallel_implementation_K_Means\Parallel_implementation_K_Means\Debug\link.8752-cvtres.read.1.tlog
D:\Parallel_implementation_K_Means\Parallel_implementation_K_Means\Debug\link.8752-cvtres.write.1.tlog
D:\Parallel_implementation_K_Means\Parallel_implementation_K_Means\Debug\link.8792.read.1.tlog
D:\Parallel_implementation_K_Means\Parallel_implementation_K_Means\Debug\link.8792.write.1.tlog
D:\Parallel_implementation_K_Means\Parallel_implementation_K_Means\Debug\link.8792-cvtres.read.1.tlog
D:\Parallel_implementation_K_Means\Parallel_implementation_K_Means\Debug\link.8792-cvtres.write.1.tlog
D:\Parallel_implementation_K_Means\Parallel_implementation_K_Means\Debug\link.9040.read.1.tlog
D:\Parallel_implementation_K_Means\Parallel_implementation_K_Means\Debug\link.9040.write.1.tlog
D:\Parallel_implementation_K_Means\Parallel_implementation_K_Means\Debug\link.9040-cvtres.read.1.tlog
D:\Parallel_implementation_K_Means\Parallel_implementation_K_Means\Debug\link.9040-cvtres.write.1.tlog
D:\Parallel_implementation_K_Means\Parallel_implementation_K_Means\Debug\link.9132.read.1.tlog
D:\Parallel_implementation_K_Means\Parallel_implementation_K_Means\Debug\link.9132.write.1.tlog
D:\Parallel_implementation_K_Means\Parallel_implementation_K_Means\Debug\link.9132-cvtres.read.1.tlog
D:\Parallel_implementation_K_Means\Parallel_implementation_K_Means\Debug\link.9132-cvtres.write.1.tlog
D:\Parallel_implementation_K_Means\Parallel_implementation_K_Means\Debug\link.9372.read.1.tlog
D:\Parallel_implementation_K_Means\Parallel_implementation_K_Means\Debug\link.9372.write.1.tlog
D:\Parallel_implementation_K_Means\Parallel_implementation_K_Means\Debug\link.9372-cvtres.read.1.tlog
D:\Parallel_implementation_K_Means\Parallel_implementation_K_Means\Debug\link.9372-cvtres.write.1.tlog
D:\Parallel_implementation_K_Means\Parallel_implementation_K_Means\Debug\link.9536.read.1.tlog
D:\Parallel_implementation_K_Means\Parallel_implementation_K_Means\Debug\link.9536.write.1.tlog
D:\Parallel_implementation_K_Means\Parallel_implementation_K_Means\Debug\link.9536-cvtres.read.1.tlog
D:\Parallel_implementation_K_Means\Parallel_implementation_K_Means\Debug\link.9536-cvtres.write.1.tlog
D:\Parallel_implementation_K_Means\Parallel_implementation_K_Means\Debug\link.9596.read.1.tlog
D:\Parallel_implementation_K_Means\Parallel_implementation_K_Means\Debug\link.9596.write.1.tlog
D:\Parallel_implementation_K_Means\Parallel_implementation_K_Means\Debug\link.9832.read.1.tlog
D:\Parallel_implementation_K_Means\Parallel_implementation_K_Means\Debug\link.9832.write.1.tlog
D:\Parallel_implementation_K_Means\Parallel_implementation_K_Means\Debug\link.9832-cvtres.read.1.tlog
D:\Parallel_implementation_K_Means\Parallel_implementation_K_Means\Debug\link.9832-cvtres.write.1.tlog
D:\Parallel_implementation_K_Means\Parallel_implementation_K_Means\Debug\link.command.1.tlog
D:\Parallel_implementation_K_Means\Parallel_implementation_K_Means\Debug\link.read.1.tlog
D:\Parallel_implementation_K_Means\Parallel_implementation_K_Means\Debug\link.write.1.tlog
D:\Parallel_implementation_K_Means\Parallel_implementation_K_Means\Debug\link-cvtres.read.1.tlog
D:\Parallel_implementation_K_Means\Parallel_implementation_K_Means\Debug\link-cvtres.write.1.tlog
D:\PARALLEL_IMPLEMENTATION_K_MEANS\PARALLEL_IMPLEMENTATION_K_MEANS\DEBUG\MAIN.OBJ
D:\Parallel_implementation_K_Means\Parallel_implementation_K_Means\Debug\mt.command.1.tlog
D:\Parallel_implementation_K_Means\Parallel_implementation_K_Means\Debug\mt.read.1.tlog
D:\Parallel_implementation_K_Means\Parallel_implementation_K_Means\Debug\mt.write.1.tlog
D:\PARALLEL_IMPLEMENTATION_K_MEANS\PARALLEL_IMPLEMENTATION_K_MEANS\DEBUG\PARALLEL_IMPLEMENTATION_K_MEANS.EXE.EMBED.MANIFEST
D:\PARALLEL_IMPLEMENTATION_K_MEANS\PARALLEL_IMPLEMENTATION_K_MEANS\DEBUG\PARALLEL_IMPLEMENTATION_K_MEANS.EXE.EMBED.MANIFEST.RES
D:\PARALLEL_IMPLEMENTATION_K_MEANS\PARALLEL_IMPLEMENTATION_K_MEANS\DEBUG\PARALLEL_IMPLEMENTATION_K_MEANS.EXE.INTERMEDIATE.MANIFEST
D:\Parallel_implementation_K_Means\Parallel_implementation_K_Means\Debug\Parallel_implementation_K_Means.vcxprojResolveAssemblyReference.cache
D:\Parallel_implementation_K_Means\Parallel_implementation_K_Means\Debug\Parallel_implementation_K_Means.write.1.tlog
D:\Parallel_implementation_K_Means\Parallel_implementation_K_Means\Debug\Parallel_implementation_K_Means_manifest.rc
D:\Parallel_implementation_K_Means\Parallel_implementation_K_Means\Debug\rc.command.1.tlog
D:\Parallel_implementation_K_Means\Parallel_implementation_K_Means\Debug\rc.read.1.tlog
D:\Parallel_implementation_K_Means\Parallel_implementation_K_Means\Debug\rc.write.1.tlog
D:\Parallel_implementation_K_Means\Parallel_implementation_K_Means\Debug\vc100.idb
D:\PARALLEL_IMPLEMENTATION_K_MEANS\PARALLEL_IMPLEMENTATION_K_MEANS\DEBUG\VC100.PDB
